[meuastral.com/index.html]
[meuastral.com/manifest.json]
[meuastral.com/favicon.ico]
[backblue.gif]
[fade.gif]
[index.html]
[cdn.jsdelivr.net/npm/@tailwindcss/typography@0.2.x/dist/typography.min.css]
[cdn.jsdelivr.net/npm/daisyui@2.14.3/dist/full.css]
[cdnjs.cloudflare.com/ajax/libs/font-awesome/6.1.1/css/all.min.css]
[meuastral.com/meuastral-marca.png]
[meuastral.com/static/css/main.4496699e.chunk.css]
[connect.facebook.net/pt_BR/sdk.js]
[www.google-analytics.com/analytics.js]
[meuastral.com/static/js/runtime_main.1b922744.js]
[meuastral.com/static/js/vendors_main.354e092f.chunk.js]
[meuastral.com/index.html]
[cdn.jsdelivr.net/npm/@tailwindcss/typography@0.2.x/dist/typography.min.css]
[cdn.jsdelivr.net/npm/daisyui@2.14.3/dist/full.css]
[cdnjs.cloudflare.com/ajax/libs/font-awesome/6.1.1/css/all.min.css]
[meuastral.com/static/css/main.4496699e.chunk.css]
[connect.facebook.net/pt_BR/sdk.js]
[meuastral.com/static/js/main.2fd69fe6.chunk.js]
